actionid: py36
msg: envreport
cmdargs: ['/Users/toon/mlflow/.tox/py36/bin/pip', 'freeze']

absl-py==0.2.2
asn1crypto==0.24.0
astor==0.7.1
astroid==1.6.5
aws-xray-sdk==0.95
awscli==1.15.62
boto==2.49.0
boto3==1.7.61
botocore==1.10.61
cachetools==2.1.0
certifi==2018.4.16
cffi==1.11.5
chardet==3.0.4
click==6.7
colorama==0.3.9
configparser==3.5.0
cookies==2.2.1
coverage==4.5.1
cryptography==2.3
databricks-cli==0.7.2
docker==3.4.1
docker-pycreds==0.3.0
docutils==0.14
dodgy==0.1.9
flake8==3.5.0
flake8-polyfill==1.0.2
Flask==1.0.2
future==0.16.0
gast==0.2.0
gitdb2==2.0.4
GitPython==2.1.11
google-api-core==1.2.1
google-auth==1.5.0
google-cloud-core==0.28.1
google-cloud-storage==1.10.0
google-resumable-media==0.3.1
googleapis-common-protos==1.5.3
grpcio==1.13.0
gunicorn==19.9.0
h2o==3.18.0.11
idna==2.7
isort==4.3.4
itsdangerous==0.24
Jinja2==2.10
jmespath==0.9.3
jsondiff==1.1.1
jsonpickle==0.9.6
lazy-object-proxy==1.3.1
Markdown==2.6.11
MarkupSafe==1.0
mccabe==0.6.1
mlflow==0.2.1
mock==2.0.0
moto==1.3.3
numpy==1.14.5
pandas==0.23.3
pbr==4.1.1
pep8==1.7.1
pep8-naming==0.7.0
prospector==0.12.7
protobuf==3.6.0
py==1.5.4
py4j==0.10.7
pyaml==17.12.1
pyarrow==0.9.0.post1
pyasn1==0.4.3
pyasn1-modules==0.2.2
pycodestyle==2.0.0
pycparser==2.18
pydocstyle==2.1.1
pyflakes==2.0.0
pylint==1.8.2
pylint-celery==0.3
pylint-common==0.2.5
pylint-django==0.11.1
pylint-flask==0.5
pylint-plugin-utils==0.4
pyroma==2.0.2
pyspark==2.3.1
pytest==3.2.1
pytest-cov==2.5.1
python-dateutil==2.6.1
pytz==2018.5
PyYAML==3.13
querystring-parser==1.2.3
requests==2.19.1
requirements-detector==0.5.2
responses==0.9.0
rsa==3.4.2
rstcheck==3.2
s3transfer==0.1.13
scikit-learn==0.19.2
scipy==1.1.0
setoptconf==0.2.0
six==1.11.0
smmap2==2.0.4
snowballstemmer==1.2.1
tabulate==0.8.2
tensorboard==1.9.0
tensorflow==1.9.0
termcolor==1.1.0
urllib3==1.23
uuid==1.30
websocket-client==0.48.0
Werkzeug==0.14.1
wrapt==1.10.11
xmltodict==0.11.0
