actionid: py36
msg: getenv
cmdargs: ['/Users/toon/mlflow/.tox/py36/bin/pip', 'install', '-rtox-requirements.txt']

Collecting mock==2.0.0 (from -r tox-requirements.txt (line 2))
  Cache entry deserialization failed, entry ignored
  Using cached https://files.pythonhosted.org/packages/e6/35/f187bdf23be87092bd0f1200d43d23076cee4d0dec109f195173fd3ebc79/mock-2.0.0-py2.py3-none-any.whl
Collecting moto (from -r tox-requirements.txt (line 3))
  Cache entry deserialization failed, entry ignored
  Using cached https://files.pythonhosted.org/packages/b3/a8/fccbacf94fdaa474316c4f65289d58b0271d1352e35628014bc071aa7291/moto-1.3.3-py2.py3-none-any.whl
Collecting prospector[with_pyroma]==0.12.7 (from -r tox-requirements.txt (line 4))
  Cache entry deserialization failed, entry ignored
Collecting pep8==1.7.1 (from -r tox-requirements.txt (line 5))
  Cache entry deserialization failed, entry ignored
  Using cached https://files.pythonhosted.org/packages/42/3f/669429ce58de2c22d8d2c542752e137ec4b9885fff398d3eceb1a7f5acb4/pep8-1.7.1-py2.py3-none-any.whl
Collecting pyarrow (from -r tox-requirements.txt (line 6))
  Cache entry deserialization failed, entry ignored
  Using cached https://files.pythonhosted.org/packages/49/26/990da5ae40c40afc499d30a53c2c2fa86290b7c57058f9dc9a8127a52e8f/pyarrow-0.9.0.post1-cp36-cp36m-macosx_10_6_intel.whl
Collecting pylint==1.8.2 (from -r tox-requirements.txt (line 7))
  Cache entry deserialization failed, entry ignored
  Using cached https://files.pythonhosted.org/packages/fc/fe/32faf5617f1b32478c626f93ad533d06b59d2663521403799aac408789ef/pylint-1.8.2-py2.py3-none-any.whl
Collecting pyspark (from -r tox-requirements.txt (line 8))
  Cache entry deserialization failed, entry ignored
Collecting pytest==3.2.1 (from -r tox-requirements.txt (line 9))
  Cache entry deserialization failed, entry ignored
  Using cached https://files.pythonhosted.org/packages/e0/1e/d52c6a3a143935410ee33320341ea7bbb770ca8fe89c3d51e18254e0a2ba/pytest-3.2.1-py2.py3-none-any.whl
Collecting pytest-cov (from -r tox-requirements.txt (line 10))
  Cache entry deserialization failed, entry ignored
  Using cached https://files.pythonhosted.org/packages/30/7d/7f6a78ae44a1248ee28cc777586c18b28a1df903470e5d34a6e25712b8aa/pytest_cov-2.5.1-py2.py3-none-any.whl
Collecting rstcheck==3.2 (from -r tox-requirements.txt (line 11))
  Cache entry deserialization failed, entry ignored
Collecting scipy (from -r tox-requirements.txt (line 12))
  Cache entry deserialization failed, entry ignored
  Downloading https://files.pythonhosted.org/packages/a0/b6/70bf61c1badb5fea82d4c558e05e76c2dee5e77bb072fe465d7c7a87287d/scipy-1.1.0-cp36-cp36m-macosx_10_6_intel.macosx_10_9_intel.macosx_10_9_x86_64.macosx_10_10_intel.macosx_10_10_x86_64.whl (16.7MB)
Collecting tensorflow (from -r tox-requirements.txt (line 13))
  Cache entry deserialization failed, entry ignored
  Using cached https://files.pythonhosted.org/packages/57/38/96ee343729363297d62311272adc28b466d30f74c87dc645badb0102af56/tensorflow-1.9.0-cp36-cp36m-macosx_10_11_x86_64.whl
Collecting h2o (from -r tox-requirements.txt (line 14))
  Cache entry deserialization failed, entry ignored
Collecting six>=1.9 (from mock==2.0.0->-r tox-requirements.txt (line 2))
  Cache entry deserialization failed, entry ignored
  Using cached https://files.pythonhosted.org/packages/67/4b/141a581104b1f6397bfa78ac9d43d8ad29a7ca43ea90a2d863fe3056e86a/six-1.11.0-py2.py3-none-any.whl
Collecting pbr>=0.11 (from mock==2.0.0->-r tox-requirements.txt (line 2))
  Cache entry deserialization failed, entry ignored
  Using cached https://files.pythonhosted.org/packages/c2/c8/8c718c31de4fc846262d0a62bec12fc896262310bd851482f18aeb2e466d/pbr-4.1.1-py2.py3-none-any.whl
Collecting botocore>=1.9.16 (from moto->-r tox-requirements.txt (line 3))
  Cache entry deserialization failed, entry ignored
  Using cached https://files.pythonhosted.org/packages/c6/46/4595d727e4d57d53ae8ac3e3937527cfaa6d503590db0bbe62a88c35eb2a/botocore-1.10.61-py2.py3-none-any.whl
Collecting cryptography>=2.0.0 (from moto->-r tox-requirements.txt (line 3))
  Cache entry deserialization failed, entry ignored
  Downloading https://files.pythonhosted.org/packages/96/ba/15fa57d62f2c3eb907b50e7dd701181a47e3dce3fe365658f43ba677dd30/cryptography-2.3-cp34-abi3-macosx_10_6_intel.whl (1.5MB)
Collecting boto>=2.36.0 (from moto->-r tox-requirements.txt (line 3))
  Cache entry deserialization failed, entry ignored
  Using cached https://files.pythonhosted.org/packages/23/10/c0b78c27298029e4454a472a1919bde20cb182dab1662cec7f2ca1dcc523/boto-2.49.0-py2.py3-none-any.whl
Collecting pyaml (from moto->-r tox-requirements.txt (line 3))
  Cache entry deserialization failed, entry ignored
  Using cached https://files.pythonhosted.org/packages/17/c1/5892f756109e54ed53c753129b0da4acf6b6add8dff5a85b18667553b16d/pyaml-17.12.1-py2.py3-none-any.whl
Collecting aws-xray-sdk<0.96,>=0.93 (from moto->-r tox-requirements.txt (line 3))
  Cache entry deserialization failed, entry ignored
  Using cached https://files.pythonhosted.org/packages/a4/a5/da7887285564f9e0ae5cd25a453cca36e2cd43d8ccc9effde260b4d80904/aws_xray_sdk-0.95-py2.py3-none-any.whl
Collecting responses (from moto->-r tox-requirements.txt (line 3))
  Cache entry deserialization failed, entry ignored
  Using cached https://files.pythonhosted.org/packages/d9/a2/1cf64651ca0837ea627fbf0455231611bec85dbb7a9ffe761365950cabe5/responses-0.9.0-py2.py3-none-any.whl
Collecting Jinja2>=2.7.3 (from moto->-r tox-requirements.txt (line 3))
  Cache entry deserialization failed, entry ignored
  Using cached https://files.pythonhosted.org/packages/7f/ff/ae64bacdfc95f27a016a7bed8e8686763ba4d277a78ca76f32659220a731/Jinja2-2.10-py2.py3-none-any.whl
Collecting requests>=2.5 (from moto->-r tox-requirements.txt (line 3))
  Cache entry deserialization failed, entry ignored
  Using cached https://files.pythonhosted.org/packages/65/47/7e02164a2a3db50ed6d8a6ab1d6d60b69c4c3fdf57a284257925dfc12bda/requests-2.19.1-py2.py3-none-any.whl
Collecting boto3>=1.6.16 (from moto->-r tox-requirements.txt (line 3))
  Cache entry deserialization failed, entry ignored
  Using cached https://files.pythonhosted.org/packages/a6/5c/166a9943b9bcfb08b5bd355f055f91eb722b3a2378f65277e7efc6a40835/boto3-1.7.61-py2.py3-none-any.whl
Collecting cookies (from moto->-r tox-requirements.txt (line 3))
  Cache entry deserialization failed, entry ignored
  Using cached https://files.pythonhosted.org/packages/6a/60/557f84aa2db629e5124aa05408b975b1b5d0e1cec16cde0bfa06aae097d3/cookies-2.2.1-py2.py3-none-any.whl
Collecting xmltodict (from moto->-r tox-requirements.txt (line 3))
  Cache entry deserialization failed, entry ignored
  Using cached https://files.pythonhosted.org/packages/42/a9/7e99652c6bc619d19d58cdd8c47560730eb5825d43a7e25db2e1d776ceb7/xmltodict-0.11.0-py2.py3-none-any.whl
Collecting jsondiff==1.1.1 (from moto->-r tox-requirements.txt (line 3))
  Cache entry deserialization failed, entry ignored
Collecting werkzeug (from moto->-r tox-requirements.txt (line 3))
  Cache entry deserialization failed, entry ignored
  Using cached https://files.pythonhosted.org/packages/20/c4/12e3e56473e52375aa29c4764e70d1b8f3efa6682bef8d0aae04fe335243/Werkzeug-0.14.1-py2.py3-none-any.whl
Collecting python-dateutil<2.7.0,>=2.1 (from moto->-r tox-requirements.txt (line 3))
  Cache entry deserialization failed, entry ignored
  Using cached https://files.pythonhosted.org/packages/4b/0d/7ed381ab4fe80b8ebf34411d14f253e1cf3e56e2820ffa1d8844b23859a2/python_dateutil-2.6.1-py2.py3-none-any.whl
Collecting pytz (from moto->-r tox-requirements.txt (line 3))
  Cache entry deserialization failed, entry ignored
  Using cached https://files.pythonhosted.org/packages/30/4e/27c34b62430286c6d59177a0842ed90dc789ce5d1ed740887653b898779a/pytz-2018.5-py2.py3-none-any.whl
Collecting docker>=2.5.1 (from moto->-r tox-requirements.txt (line 3))
  Cache entry deserialization failed, entry ignored
  Using cached https://files.pythonhosted.org/packages/a5/64/8c0a5d22e70257e6b7ef7f14b577f99f0b9b1560c604f87856d0db80d151/docker-3.4.1-py2.py3-none-any.whl
Collecting pylint-common>=0.2.5 (from prospector[with_pyroma]==0.12.7->-r tox-requirements.txt (line 4))
  Cache entry deserialization failed, entry ignored
Collecting setoptconf>=0.2.0 (from prospector[with_pyroma]==0.12.7->-r tox-requirements.txt (line 4))
  Cache entry deserialization failed, entry ignored
Collecting dodgy>=0.1.9 (from prospector[with_pyroma]==0.12.7->-r tox-requirements.txt (line 4))
  Cache entry deserialization failed, entry ignored
Collecting pylint-plugin-utils>=0.2.6 (from prospector[with_pyroma]==0.12.7->-r tox-requirements.txt (line 4))
  Cache entry deserialization failed, entry ignored
Collecting pylint-django>=0.7.2 (from prospector[with_pyroma]==0.12.7->-r tox-requirements.txt (line 4))
  Cache entry deserialization failed, entry ignored
  Using cached https://files.pythonhosted.org/packages/b9/8f/f7d599ab5b1a038defe1cb3c10958ef65785ea4c256e94db83a4536c9f25/pylint_django-0.11.1-py3-none-any.whl
Collecting pyyaml (from prospector[with_pyroma]==0.12.7->-r tox-requirements.txt (line 4))
  Cache entry deserialization failed, entry ignored
  Using cached https://files.pythonhosted.org/packages/9e/a3/1d13970c3f36777c583f136c136f804d70f500168edc1edea6daa7200769/PyYAML-3.13.tar.gz
Collecting pep8-naming>=0.3.3 (from prospector[with_pyroma]==0.12.7->-r tox-requirements.txt (line 4))
  Cache entry deserialization failed, entry ignored
  Using cached https://files.pythonhosted.org/packages/39/bb/a34544c789e7e5458ed2db6cbd1c8e227bb01e4ce03a0b15ec4ec93e486d/pep8_naming-0.7.0-py2.py3-none-any.whl
Collecting pylint-flask>=0.3 (from prospector[with_pyroma]==0.12.7->-r tox-requirements.txt (line 4))
  Cache entry deserialization failed, entry ignored
Collecting requirements-detector>=0.4.1 (from prospector[with_pyroma]==0.12.7->-r tox-requirements.txt (line 4))
  Cache entry deserialization failed, entry ignored
Collecting pylint-celery>=0.3 (from prospector[with_pyroma]==0.12.7->-r tox-requirements.txt (line 4))
  Cache entry deserialization failed, entry ignored
Collecting mccabe>=0.5.0 (from prospector[with_pyroma]==0.12.7->-r tox-requirements.txt (line 4))
  Cache entry deserialization failed, entry ignored
  Using cached https://files.pythonhosted.org/packages/87/89/479dc97e18549e21354893e4ee4ef36db1d237534982482c3681ee6e7b57/mccabe-0.6.1-py2.py3-none-any.whl
Collecting pyflakes>=0.8.1 (from prospector[with_pyroma]==0.12.7->-r tox-requirements.txt (line 4))
  Cache entry deserialization failed, entry ignored
  Using cached https://files.pythonhosted.org/packages/44/98/af7a72c9a543b1487d92813c648cb9b9adfbc96faef5455d60f4439aa99b/pyflakes-2.0.0-py2.py3-none-any.whl
Collecting pydocstyle>=2.0.0 (from prospector[with_pyroma]==0.12.7->-r tox-requirements.txt (line 4))
  Cache entry deserialization failed, entry ignored
  Using cached https://files.pythonhosted.org/packages/43/8a/f1141af0c8406788a5c38ad5001d4163d903b5384a6517239d2ac42734c8/pydocstyle-2.1.1-py3-none-any.whl
Collecting pycodestyle==2.0.0 (from prospector[with_pyroma]==0.12.7->-r tox-requirements.txt (line 4))
  Cache entry deserialization failed, entry ignored
  Using cached https://files.pythonhosted.org/packages/73/31/136a79364c1681a3c276796d1f5090833bd03461b78a1b037638d1a2c484/pycodestyle-2.0.0-py2.py3-none-any.whl
Collecting pyroma==2.0.2; extra == "with_pyroma" (from prospector[with_pyroma]==0.12.7->-r tox-requirements.txt (line 4))
  Cache entry deserialization failed, entry ignored
Collecting numpy>=1.10 (from pyarrow->-r tox-requirements.txt (line 6))
  Cache entry deserialization failed, entry ignored
  Downloading https://files.pythonhosted.org/packages/f6/cd/b2c50b5190b66c711c23ef23c41d450297eb5a54d2033f8dcb3b8b13ac85/numpy-1.14.5-cp36-cp36m-macosx_10_6_intel.macosx_10_9_intel.macosx_10_9_x86_64.macosx_10_10_intel.macosx_10_10_x86_64.whl (4.7MB)
Collecting astroid<2.0,>=1.6 (from pylint==1.8.2->-r tox-requirements.txt (line 7))
  Cache entry deserialization failed, entry ignored
  Using cached https://files.pythonhosted.org/packages/0e/9b/18b08991c8c6aaa827faf394f4468b8fee41db1f73aa5157f9f5fb2e69c3/astroid-1.6.5-py2.py3-none-any.whl
Collecting isort>=4.2.5 (from pylint==1.8.2->-r tox-requirements.txt (line 7))
  Cache entry deserialization failed, entry ignored
  Using cached https://files.pythonhosted.org/packages/1f/2c/22eee714d7199ae0464beda6ad5fedec8fee6a2f7ffd1e8f1840928fe318/isort-4.3.4-py3-none-any.whl
Collecting py4j==0.10.7 (from pyspark->-r tox-requirements.txt (line 8))
  Cache entry deserialization failed, entry ignored
  Using cached https://files.pythonhosted.org/packages/e3/53/c737818eb9a7dc32a7cd4f1396e787bd94200c3997c72c1dbe028587bd76/py4j-0.10.7-py2.py3-none-any.whl
Collecting py>=1.4.33 (from pytest==3.2.1->-r tox-requirements.txt (line 9))
  Cache entry deserialization failed, entry ignored
  Using cached https://files.pythonhosted.org/packages/f3/bd/83369ff2dee18f22f27d16b78dd651e8939825af5f8b0b83c38729069962/py-1.5.4-py2.py3-none-any.whl
Requirement already satisfied: setuptools in ./.tox/py36/lib/python3.6/site-packages (from pytest==3.2.1->-r tox-requirements.txt (line 9)) (40.0.0)
Collecting coverage>=3.7.1 (from pytest-cov->-r tox-requirements.txt (line 10))
  Cache entry deserialization failed, entry ignored
  Using cached https://files.pythonhosted.org/packages/a3/7e/c94c21d643bfe7017615994df7b52292a33c8dcf36a6f694af110594edba/coverage-4.5.1-cp36-cp36m-macosx_10_12_x86_64.whl
Collecting docutils>=0.7 (from rstcheck==3.2->-r tox-requirements.txt (line 11))
  Cache entry deserialization failed, entry ignored
  Using cached https://files.pythonhosted.org/packages/36/fa/08e9e6e0e3cbd1d362c3bbee8d01d0aedb2155c4ac112b19ef3cae8eed8d/docutils-0.14-py3-none-any.whl
Collecting protobuf>=3.4.0 (from tensorflow->-r tox-requirements.txt (line 13))
  Cache entry deserialization failed, entry ignored
  Using cached https://files.pythonhosted.org/packages/6d/7e/51c91b28cb8446ebd7231d375a2025bca4c59d15ddc0cf2dd0867b400cd7/protobuf-3.6.0-cp36-cp36m-macosx_10_6_intel.macosx_10_9_intel.macosx_10_9_x86_64.macosx_10_10_intel.macosx_10_10_x86_64.whl
Collecting astor>=0.6.0 (from tensorflow->-r tox-requirements.txt (line 13))
  Cache entry deserialization failed, entry ignored
  Using cached https://files.pythonhosted.org/packages/35/6b/11530768cac581a12952a2aad00e1526b89d242d0b9f59534ef6e6a1752f/astor-0.7.1-py2.py3-none-any.whl
Requirement already satisfied: wheel>=0.26 in ./.tox/py36/lib/python3.6/site-packages (from tensorflow->-r tox-requirements.txt (line 13)) (0.31.1)
Collecting grpcio>=1.8.6 (from tensorflow->-r tox-requirements.txt (line 13))
  Cache entry deserialization failed, entry ignored
  Using cached https://files.pythonhosted.org/packages/7e/a9/daef33ec8a83eb1c34498f947d4447d5728d91c7374e4b78465c7c14e99a/grpcio-1.13.0-cp36-cp36m-macosx_10_7_intel.whl
Collecting absl-py>=0.1.6 (from tensorflow->-r tox-requirements.txt (line 13))
  Cache entry deserialization failed, entry ignored
Collecting tensorboard<1.10.0,>=1.9.0 (from tensorflow->-r tox-requirements.txt (line 13))
  Cache entry deserialization failed, entry ignored
  Using cached https://files.pythonhosted.org/packages/9e/1f/3da43860db614e294a034e42d4be5c8f7f0d2c75dc1c428c541116d8cdab/tensorboard-1.9.0-py3-none-any.whl
Collecting termcolor>=1.1.0 (from tensorflow->-r tox-requirements.txt (line 13))
  Cache entry deserialization failed, entry ignored
Collecting gast>=0.2.0 (from tensorflow->-r tox-requirements.txt (line 13))
  Cache entry deserialization failed, entry ignored
Collecting colorama>=0.3.8 (from h2o->-r tox-requirements.txt (line 14))
  Cache entry deserialization failed, entry ignored
  Using cached https://files.pythonhosted.org/packages/db/c8/7dcf9dbcb22429512708fe3a547f8b6101c0d02137acbd892505aee57adf/colorama-0.3.9-py2.py3-none-any.whl
Collecting tabulate (from h2o->-r tox-requirements.txt (line 14))
  Cache entry deserialization failed, entry ignored
  Using cached https://files.pythonhosted.org/packages/12/c2/11d6845db5edf1295bc08b2f488cf5937806586afe42936c3f34c097ebdc/tabulate-0.8.2.tar.gz
Collecting future (from h2o->-r tox-requirements.txt (line 14))
  Cache entry deserialization failed, entry ignored
  Using cached https://files.pythonhosted.org/packages/00/2b/8d082ddfed935f3608cc61140df6dcbf0edea1bc3ab52fb6c29ae3e81e85/future-0.16.0.tar.gz
Collecting jmespath<1.0.0,>=0.7.1 (from botocore>=1.9.16->moto->-r tox-requirements.txt (line 3))
  Cache entry deserialization failed, entry ignored
  Using cached https://files.pythonhosted.org/packages/b7/31/05c8d001f7f87f0f07289a5fc0fc3832e9a57f2dbd4d3b0fee70e0d51365/jmespath-0.9.3-py2.py3-none-any.whl
Collecting cffi!=1.11.3,>=1.7 (from cryptography>=2.0.0->moto->-r tox-requirements.txt (line 3))
  Cache entry deserialization failed, entry ignored
  Downloading https://files.pythonhosted.org/packages/8e/be/40b1bc2c3221acdefeb9dab6773d43cda7543ed0d8c8df8768f05af2d01e/cffi-1.11.5-cp36-cp36m-macosx_10_6_intel.whl (241kB)
Collecting asn1crypto>=0.21.0 (from cryptography>=2.0.0->moto->-r tox-requirements.txt (line 3))
  Cache entry deserialization failed, entry ignored
  Using cached https://files.pythonhosted.org/packages/ea/cd/35485615f45f30a510576f1a56d1e0a7ad7bd8ab5ed7cdc600ef7cd06222/asn1crypto-0.24.0-py2.py3-none-any.whl
Collecting idna>=2.1 (from cryptography>=2.0.0->moto->-r tox-requirements.txt (line 3))
  Cache entry deserialization failed, entry ignored
  Using cached https://files.pythonhosted.org/packages/4b/2a/0276479a4b3caeb8a8c1af2f8e4355746a97fab05a372e4a2c6a6b876165/idna-2.7-py2.py3-none-any.whl
Collecting wrapt (from aws-xray-sdk<0.96,>=0.93->moto->-r tox-requirements.txt (line 3))
  Cache entry deserialization failed, entry ignored
  Using cached https://files.pythonhosted.org/packages/a0/47/66897906448185fcb77fc3c2b1bc20ed0ecca81a0f2f88eda3fc5a34fc3d/wrapt-1.10.11.tar.gz
Collecting jsonpickle (from aws-xray-sdk<0.96,>=0.93->moto->-r tox-requirements.txt (line 3))
  Cache entry deserialization failed, entry ignored
Collecting MarkupSafe>=0.23 (from Jinja2>=2.7.3->moto->-r tox-requirements.txt (line 3))
  Cache entry deserialization failed, entry ignored
  Using cached https://files.pythonhosted.org/packages/4d/de/32d741db316d8fdb7680822dd37001ef7a448255de9699ab4bfcbdf4172b/MarkupSafe-1.0.tar.gz
Collecting chardet<3.1.0,>=3.0.2 (from requests>=2.5->moto->-r tox-requirements.txt (line 3))
  Cache entry deserialization failed, entry ignored
  Using cached https://files.pythonhosted.org/packages/bc/a9/01ffebfb562e4274b6487b4bb1ddec7ca55ec7510b22e4c51f14098443b8/chardet-3.0.4-py2.py3-none-any.whl
Collecting certifi>=2017.4.17 (from requests>=2.5->moto->-r tox-requirements.txt (line 3))
  Cache entry deserialization failed, entry ignored
  Using cached https://files.pythonhosted.org/packages/7c/e6/92ad559b7192d846975fc916b65f667c7b8c3a32bea7372340bfe9a15fa5/certifi-2018.4.16-py2.py3-none-any.whl
Collecting urllib3<1.24,>=1.21.1 (from requests>=2.5->moto->-r tox-requirements.txt (line 3))
  Cache entry deserialization failed, entry ignored
  Using cached https://files.pythonhosted.org/packages/bd/c9/6fdd990019071a4a32a5e7cb78a1d92c53851ef4f56f62a3486e6a7d8ffb/urllib3-1.23-py2.py3-none-any.whl
Collecting s3transfer<0.2.0,>=0.1.10 (from boto3>=1.6.16->moto->-r tox-requirements.txt (line 3))
  Cache entry deserialization failed, entry ignored
  Using cached https://files.pythonhosted.org/packages/d7/14/2a0004d487464d120c9fb85313a75cd3d71a7506955be458eebfe19a6b1d/s3transfer-0.1.13-py2.py3-none-any.whl
Collecting docker-pycreds>=0.3.0 (from docker>=2.5.1->moto->-r tox-requirements.txt (line 3))
  Cache entry deserialization failed, entry ignored
  Using cached https://files.pythonhosted.org/packages/ea/bf/7e70aeebc40407fbdb96fa9f79fc8e4722ea889a99378303e3bcc73f4ab5/docker_pycreds-0.3.0-py2.py3-none-any.whl
Collecting websocket-client>=0.32.0 (from docker>=2.5.1->moto->-r tox-requirements.txt (line 3))
  Cache entry deserialization failed, entry ignored
  Using cached https://files.pythonhosted.org/packages/8a/a1/72ef9aa26cfe1a75cee09fc1957e4723add9de098c15719416a1ee89386b/websocket_client-0.48.0-py2.py3-none-any.whl
Collecting flake8-polyfill<2,>=1.0.2 (from pep8-naming>=0.3.3->prospector[with_pyroma]==0.12.7->-r tox-requirements.txt (line 4))
  Cache entry deserialization failed, entry ignored
  Using cached https://files.pythonhosted.org/packages/86/b5/a43fed6fd0193585d17d6faa7b85317d4461f694aaed546098c69f856579/flake8_polyfill-1.0.2-py2.py3-none-any.whl
Collecting snowballstemmer (from pydocstyle>=2.0.0->prospector[with_pyroma]==0.12.7->-r tox-requirements.txt (line 4))
  Cache entry deserialization failed, entry ignored
  Using cached https://files.pythonhosted.org/packages/d4/6c/8a935e2c7b54a37714656d753e4187ee0631988184ed50c0cf6476858566/snowballstemmer-1.2.1-py2.py3-none-any.whl
Collecting lazy-object-proxy (from astroid<2.0,>=1.6->pylint==1.8.2->-r tox-requirements.txt (line 7))
  Cache entry deserialization failed, entry ignored
  Using cached https://files.pythonhosted.org/packages/55/08/23c0753599bdec1aec273e322f277c4e875150325f565017f6280549f554/lazy-object-proxy-1.3.1.tar.gz
Collecting markdown>=2.6.8 (from tensorboard<1.10.0,>=1.9.0->tensorflow->-r tox-requirements.txt (line 13))
  Cache entry deserialization failed, entry ignored
  Using cached https://files.pythonhosted.org/packages/6d/7d/488b90f470b96531a3f5788cf12a93332f543dbab13c423a5e7ce96a0493/Markdown-2.6.11-py2.py3-none-any.whl
Collecting pycparser (from cffi!=1.11.3,>=1.7->cryptography>=2.0.0->moto->-r tox-requirements.txt (line 3))
  Cache entry deserialization failed, entry ignored
Collecting flake8 (from flake8-polyfill<2,>=1.0.2->pep8-naming>=0.3.3->prospector[with_pyroma]==0.12.7->-r tox-requirements.txt (line 4))
  Cache entry deserialization failed, entry ignored
  Using cached https://files.pythonhosted.org/packages/b9/dc/14e9d94c770b8c4ef584e906c7583e74864786a58d47de101f2767d50c0b/flake8-3.5.0-py2.py3-none-any.whl
Building wheels for collected packages: pyyaml, tabulate, future, wrapt, MarkupSafe, lazy-object-proxy
  Running setup.py bdist_wheel for pyyaml: started
  Running setup.py bdist_wheel for pyyaml: finished with status 'done'
  Stored in directory: /Users/toon/Library/Caches/pip/wheels/ad/da/0c/74eb680767247273e2cf2723482cb9c924fe70af57c334513f
  Running setup.py bdist_wheel for tabulate: started
  Running setup.py bdist_wheel for tabulate: finished with status 'done'
  Stored in directory: /Users/toon/Library/Caches/pip/wheels/2a/85/33/2f6da85d5f10614cbe5a625eab3b3aebfdf43e7b857f25f829
  Running setup.py bdist_wheel for future: started
  Running setup.py bdist_wheel for future: finished with status 'done'
  Stored in directory: /Users/toon/Library/Caches/pip/wheels/bf/c9/a3/c538d90ef17cf7823fa51fc701a7a7a910a80f6a405bf15b1a
  Running setup.py bdist_wheel for wrapt: started
  Running setup.py bdist_wheel for wrapt: finished with status 'done'
  Stored in directory: /Users/toon/Library/Caches/pip/wheels/48/5d/04/22361a593e70d23b1f7746d932802efe1f0e523376a74f321e
  Running setup.py bdist_wheel for MarkupSafe: started
  Running setup.py bdist_wheel for MarkupSafe: finished with status 'done'
  Stored in directory: /Users/toon/Library/Caches/pip/wheels/33/56/20/ebe49a5c612fffe1c5a632146b16596f9e64676768661e4e46
  Running setup.py bdist_wheel for lazy-object-proxy: started
  Running setup.py bdist_wheel for lazy-object-proxy: finished with status 'done'
  Stored in directory: /Users/toon/Library/Caches/pip/wheels/a0/63/e2/6d93295282cb35b53b14b50b602c76dfb04471e21b31d8ad7b
Successfully built pyyaml tabulate future wrapt MarkupSafe lazy-object-proxy
flake8 3.5.0 has requirement pyflakes<1.7.0,>=1.5.0, but you'll have pyflakes 2.0.0 which is incompatible.
tensorflow 1.9.0 has requirement setuptools<=39.1.0, but you'll have setuptools 40.0.0 which is incompatible.
Installing collected packages: six, pbr, mock, jmespath, docutils, python-dateutil, botocore, pycparser, cffi, asn1crypto, idna, cryptography, boto, pyyaml, pyaml, wrapt, jsonpickle, chardet, certifi, urllib3, requests, aws-xray-sdk, cookies, responses, MarkupSafe, Jinja2, s3transfer, boto3, xmltodict, jsondiff, werkzeug, pytz, docker-pycreds, websocket-client, docker, moto, lazy-object-proxy, astroid, isort, mccabe, pylint, pylint-plugin-utils, pylint-common, setoptconf, dodgy, pylint-django, pycodestyle, pyflakes, flake8, flake8-polyfill, pep8-naming, pylint-flask, requirements-detector, pylint-celery, snowballstemmer, pydocstyle, pyroma, prospector, pep8, numpy, pyarrow, py4j, pyspark, py, pytest, coverage, pytest-cov, rstcheck, scipy, protobuf, astor, grpcio, absl-py, markdown, tensorboard, termcolor, gast, tensorflow, colorama, tabulate, future, h2o
Successfully installed Jinja2-2.10 MarkupSafe-1.0 absl-py-0.2.2 asn1crypto-0.24.0 astor-0.7.1 astroid-1.6.5 aws-xray-sdk-0.95 boto-2.49.0 boto3-1.7.61 botocore-1.10.61 certifi-2018.4.16 cffi-1.11.5 chardet-3.0.4 colorama-0.3.9 cookies-2.2.1 coverage-4.5.1 cryptography-2.3 docker-3.4.1 docker-pycreds-0.3.0 docutils-0.14 dodgy-0.1.9 flake8-3.5.0 flake8-polyfill-1.0.2 future-0.16.0 gast-0.2.0 grpcio-1.13.0 h2o-3.18.0.11 idna-2.7 isort-4.3.4 jmespath-0.9.3 jsondiff-1.1.1 jsonpickle-0.9.6 lazy-object-proxy-1.3.1 markdown-2.6.11 mccabe-0.6.1 mock-2.0.0 moto-1.3.3 numpy-1.14.5 pbr-4.1.1 pep8-1.7.1 pep8-naming-0.7.0 prospector-0.12.7 protobuf-3.6.0 py-1.5.4 py4j-0.10.7 pyaml-17.12.1 pyarrow-0.9.0.post1 pycodestyle-2.0.0 pycparser-2.18 pydocstyle-2.1.1 pyflakes-2.0.0 pylint-1.8.2 pylint-celery-0.3 pylint-common-0.2.5 pylint-django-0.11.1 pylint-flask-0.5 pylint-plugin-utils-0.4 pyroma-2.0.2 pyspark-2.3.1 pytest-3.2.1 pytest-cov-2.5.1 python-dateutil-2.6.1 pytz-2018.5 pyyaml-3.13 requests-2.19.1 requirements-detector-0.5.2 responses-0.9.0 rstcheck-3.2 s3transfer-0.1.13 scipy-1.1.0 setoptconf-0.2.0 six-1.11.0 snowballstemmer-1.2.1 tabulate-0.8.2 tensorboard-1.9.0 tensorflow-1.9.0 termcolor-1.1.0 urllib3-1.23 websocket-client-0.48.0 werkzeug-0.14.1 wrapt-1.10.11 xmltodict-0.11.0
